{"name": "test_3rd", "status": "failed", "statusDetails": {"message": "AssertionError: assert 10 > 20", "trace": "@pytest.mark.smoke\n    @pytest.mark.regression\n    def test_3rd():\n        a = 10\n        b = 20\n>       assert a > b\nE       assert 10 > 20\n\nPytestPrograms\\test_customMarkers.py:22: AssertionError"}, "start": 1648822692802, "stop": 1648822692803, "uuid": "e496080b-3162-42ab-b899-a60c115932b4", "historyId": "39aab511c7fa639a8d0390e3b5ff2ca7", "testCaseId": "a1a13fe17c06f7cb0ceca0fea27f94d1", "fullName": "PytestPrograms.test_customMarkers#test_3rd", "labels": [{"name": "tag", "value": "regression"}, {"name": "tag", "value": "smoke"}, {"name": "parentSuite", "value": "PytestPrograms"}, {"name": "suite", "value": "test_customMarkers"}, {"name": "host", "value": "DESKTOP-MHJ8SOM"}, {"name": "thread", "value": "2572-MainThread"}, {"name": "framework", "value": "pytest"}, {"name": "language", "value": "cpython3"}, {"name": "package", "value": "PytestPrograms.test_customMarkers"}]}