{"name": "test_check_is", "status": "skipped", "statusDetails": {"message": "XFAIL\n\nAssertionError: assert 'Vaishnavi' is 'Vaishnavi Sachin Gore'", "trace": "@pytest.mark.xfail\n    def test_check_is():\n        name = \"Vaishnavi\"\n        fullName = \"Vaishnavi Sachin Gore\"\n>       assert name is fullName\nE       AssertionError: assert 'Vaishnavi' is 'Vaishnavi Sachin Gore'\n\nPytestPrograms\\test_pythonMarkers.py:40: AssertionError"}, "start": 1648822692944, "stop": 1648822692945, "uuid": "b2918844-a76f-4419-af7d-bd42cd9fe38f", "historyId": "07119f75d8be5b0dbe8b189bbd7339a0", "testCaseId": "3f00c12d68ac3f111d8774825d4c5cfe", "fullName": "PytestPrograms.test_pythonMarkers#test_check_is", "labels": [{"name": "tag", "value": "@pytest.mark.xfail"}, {"name": "parentSuite", "value": "PytestPrograms"}, {"name": "suite", "value": "test_pythonMarkers"}, {"name": "host", "value": "DESKTOP-MHJ8SOM"}, {"name": "thread", "value": "2572-MainThread"}, {"name": "framework", "value": "pytest"}, {"name": "language", "value": "cpython3"}, {"name": "package", "value": "PytestPrograms.test_pythonMarkers"}]}